  main.cpp
C:\Users\Lee\Desktop\GitHub\Huawei_Challenge_Semi-final\project\files\main.cpp(61,5): error C4996: 'scanf': This function or variable may be unsafe. Consider using scanf_s instead. To disable deprecation, use _CRT_SECURE_NO_WARNINGS. See online help for details.
  record.cpp
C:\Users\Lee\Desktop\GitHub\Huawei_Challenge_Semi-final\project\files\record.cpp(42,58): error C2065: “dis”: 未声明的标识符
C:\Users\Lee\Desktop\GitHub\Huawei_Challenge_Semi-final\project\files\record.cpp(42,16): error C2440: “<function-style-cast>”: 无法从“initializer list”转换为“Plan”
  C:\Users\Lee\Desktop\GitHub\Huawei_Challenge_Semi-final\project\files\record.cpp(42,16):
  “Plan::Plan”: 函数不接受 3 个参数
  	C:\Users\Lee\Desktop\GitHub\Huawei_Challenge_Semi-final\project\files\record.cpp(42,16):
  	尝试匹配参数列表“(_Ty1, int, initializer list)”时
          with
          [
              _Ty1=int
          ]
  
C:\Users\Lee\Desktop\GitHub\Huawei_Challenge_Semi-final\project\files\record.cpp(72,14): warning C4267: “初始化”: 从“size_t”转换到“int”，可能丢失数据
C:\Users\Lee\Desktop\GitHub\Huawei_Challenge_Semi-final\project\files\record.cpp(77,88): error C2065: “id”: 未声明的标识符
C:\Users\Lee\Desktop\GitHub\Huawei_Challenge_Semi-final\project\files\record.cpp(82,10): error C2065: “dis”: 未声明的标识符
C:\Users\Lee\Desktop\GitHub\Huawei_Challenge_Semi-final\project\files\record.cpp(84,50): error C2065: “dis”: 未声明的标识符
C:\Users\Lee\Desktop\GitHub\Huawei_Challenge_Semi-final\project\files\record.cpp(84,27): error C2672: “std::min”: 未找到匹配的重载函数
  C:\Program Files\Microsoft Visual Studio\2022\Community\VC\Tools\MSVC\14.39.33519\include\utility(108,26):
  可能是“_Ty std::min(std::initializer_list<_Elem>)”
  	C:\Users\Lee\Desktop\GitHub\Huawei_Challenge_Semi-final\project\files\record.cpp(84,27):
  	“_Ty std::min(std::initializer_list<_Elem>)”: 无法从“int”推导出“std::initializer_list<_Elem>”的 模板 参数
  C:\Program Files\Microsoft Visual Studio\2022\Community\VC\Tools\MSVC\14.39.33519\include\utility(105,26):
  或    “_Ty std::min(std::initializer_list<_Elem>,_Pr)”
  	C:\Users\Lee\Desktop\GitHub\Huawei_Challenge_Semi-final\project\files\record.cpp(84,27):
  	“_Ty std::min(std::initializer_list<_Elem>,_Pr)”: 应输入 2 个参数，却提供了 1 个
  C:\Program Files\Microsoft Visual Studio\2022\Community\VC\Tools\MSVC\14.39.33519\include\utility(98,6):
  或    “const _Ty &std::min(const _Ty &,const _Ty &) noexcept(<expr>)”
  	C:\Users\Lee\Desktop\GitHub\Huawei_Challenge_Semi-final\project\files\record.cpp(84,27):
  	“const _Ty &std::min(const _Ty &,const _Ty &) noexcept(<expr>)”: 应输入 2 个参数，却提供了 1 个
  C:\Program Files\Microsoft Visual Studio\2022\Community\VC\Tools\MSVC\14.39.33519\include\utility(88,33):
  或    “const _Ty &std::min(const _Ty &,const _Ty &,_Pr) noexcept(<expr>)”
  	C:\Users\Lee\Desktop\GitHub\Huawei_Challenge_Semi-final\project\files\record.cpp(84,27):
  	“const _Ty &std::min(const _Ty &,const _Ty &,_Pr) noexcept(<expr>)”: 应输入 3 个参数，却提供了 1 个
  
C:\Users\Lee\Desktop\GitHub\Huawei_Challenge_Semi-final\project\files\record.cpp(87,5): error C2653: “Search_Policy”: 不是类或命名空间名称
C:\Users\Lee\Desktop\GitHub\Huawei_Challenge_Semi-final\project\files\record.cpp(87,20): error C2065: “policy”: 未声明的标识符
C:\Users\Lee\Desktop\GitHub\Huawei_Challenge_Semi-final\project\files\record.cpp(94,22): error C2065: “dx_dy”: 未声明的标识符
C:\Users\Lee\Desktop\GitHub\Huawei_Challenge_Semi-final\project\files\record.cpp(113,7): error C2065: “dis”: 未声明的标识符
C:\Users\Lee\Desktop\GitHub\Huawei_Challenge_Semi-final\project\files\record.cpp(113,27): error C2065: “dis”: 未声明的标识符
C:\Users\Lee\Desktop\GitHub\Huawei_Challenge_Semi-final\project\files\record.cpp(113,42): error C2065: “id”: 未声明的标识符
C:\Users\Lee\Desktop\GitHub\Huawei_Challenge_Semi-final\project\files\record.cpp(114,7): error C2065: “dis”: 未声明的标识符
C:\Users\Lee\Desktop\GitHub\Huawei_Challenge_Semi-final\project\files\record.cpp(114,27): error C2065: “dis”: 未声明的标识符
C:\Users\Lee\Desktop\GitHub\Huawei_Challenge_Semi-final\project\files\record.cpp(117,14): error C2065: “dis”: 未声明的标识符
C:\Users\Lee\Desktop\GitHub\Huawei_Challenge_Semi-final\project\files\record.cpp(142,14): warning C4267: “初始化”: 从“size_t”转换到“int”，可能丢失数据
C:\Users\Lee\Desktop\GitHub\Huawei_Challenge_Semi-final\project\files\record.cpp(161,22): error C2065: “dx_dy”: 未声明的标识符
C:\Users\Lee\Desktop\GitHub\Huawei_Challenge_Semi-final\project\files\record.cpp(186,7): error C2065: “goods”: 未声明的标识符
C:\Users\Lee\Desktop\GitHub\Huawei_Challenge_Semi-final\project\files\record.cpp(199,7): error C2065: “goods”: 未声明的标识符
C:\Users\Lee\Desktop\GitHub\Huawei_Challenge_Semi-final\project\files\record.cpp(218,17): error C2065: “dis”: 未声明的标识符
C:\Users\Lee\Desktop\GitHub\Huawei_Challenge_Semi-final\project\files\record.cpp(234,16): error C2065: “dis”: 未声明的标识符
C:\Users\Lee\Desktop\GitHub\Huawei_Challenge_Semi-final\project\files\record.cpp(253,7): error C2065: “id”: 未声明的标识符
C:\Users\Lee\Desktop\GitHub\Huawei_Challenge_Semi-final\project\files\record.cpp(253,13): error C2065: “tail_time”: 未声明的标识符
C:\Users\Lee\Desktop\GitHub\Huawei_Challenge_Semi-final\project\files\record.cpp(255,8): error C2065: “num”: 未声明的标识符
C:\Users\Lee\Desktop\GitHub\Huawei_Challenge_Semi-final\project\files\record.cpp(257,47): error C2065: “max_trans_time”: 未声明的标识符
C:\Users\Lee\Desktop\GitHub\Huawei_Challenge_Semi-final\project\files\record.cpp(257,64): error C2065: “second_max_trans”: 未声明的标识符
C:\Users\Lee\Desktop\GitHub\Huawei_Challenge_Semi-final\project\files\record.cpp(258,68): error C2065: “id”: 未声明的标识符
C:\Users\Lee\Desktop\GitHub\Huawei_Challenge_Semi-final\project\files\record.cpp(258,90): error C2039: "transport_time": 不是 "Berth" 的成员
  C:\Users\Lee\Desktop\GitHub\Huawei_Challenge_Semi-final\project\files\record.h(29,7):
  参见“Berth”的声明
  
C:\Users\Lee\Desktop\GitHub\Huawei_Challenge_Semi-final\project\files\record.cpp(258,35): error C2672: “std::max”: 未找到匹配的重载函数
  C:\Program Files\Microsoft Visual Studio\2022\Community\VC\Tools\MSVC\14.39.33519\include\utility(85,26):
  可能是“_Ty std::max(std::initializer_list<_Elem>)”
  	C:\Users\Lee\Desktop\GitHub\Huawei_Challenge_Semi-final\project\files\record.cpp(258,35):
  	“_Ty std::max(std::initializer_list<_Elem>)”: 无法从“int”推导出“std::initializer_list<_Elem>”的 模板 参数
  C:\Program Files\Microsoft Visual Studio\2022\Community\VC\Tools\MSVC\14.39.33519\include\utility(82,26):
  或    “_Ty std::max(std::initializer_list<_Elem>,_Pr)”
  	C:\Users\Lee\Desktop\GitHub\Huawei_Challenge_Semi-final\project\files\record.cpp(258,35):
  	“_Ty std::max(std::initializer_list<_Elem>,_Pr)”: 应输入 2 个参数，却提供了 1 个
  C:\Program Files\Microsoft Visual Studio\2022\Community\VC\Tools\MSVC\14.39.33519\include\utility(75,6):
  或    “const _Ty &std::max(const _Ty &,const _Ty &) noexcept(<expr>)”
  	C:\Users\Lee\Desktop\GitHub\Huawei_Challenge_Semi-final\project\files\record.cpp(258,35):
  	“const _Ty &std::max(const _Ty &,const _Ty &) noexcept(<expr>)”: 应输入 2 个参数，却提供了 1 个
  C:\Program Files\Microsoft Visual Studio\2022\Community\VC\Tools\MSVC\14.39.33519\include\utility(65,33):
  或    “const _Ty &std::max(const _Ty &,const _Ty &,_Pr) noexcept(<expr>)”
  	C:\Users\Lee\Desktop\GitHub\Huawei_Challenge_Semi-final\project\files\record.cpp(258,35):
  	“const _Ty &std::max(const _Ty &,const _Ty &,_Pr) noexcept(<expr>)”: 应输入 3 个参数，却提供了 1 个
  
C:\Users\Lee\Desktop\GitHub\Huawei_Challenge_Semi-final\project\files\record.cpp(269,7): error C2065: “pos”: 未声明的标识符
C:\Users\Lee\Desktop\GitHub\Huawei_Challenge_Semi-final\project\files\record.cpp(272,4): error C2065: “num”: 未声明的标识符
C:\Users\Lee\Desktop\GitHub\Huawei_Challenge_Semi-final\project\files\record.cpp(279,10): error C2065: “id”: 未声明的标识符
C:\Users\Lee\Desktop\GitHub\Huawei_Challenge_Semi-final\project\files\record.cpp(279,16): error C2065: “tail_time”: 未声明的标识符
C:\Users\Lee\Desktop\GitHub\Huawei_Challenge_Semi-final\project\files\record.cpp(296,8): error C2065: “id”: 未声明的标识符
C:\Users\Lee\Desktop\GitHub\Huawei_Challenge_Semi-final\project\files\record.cpp(296,13): error C2065: “tail_time”: 未声明的标识符
C:\Users\Lee\Desktop\GitHub\Huawei_Challenge_Semi-final\project\files\record.cpp(300,48): error C2065: “max_trans_time”: 未声明的标识符
C:\Users\Lee\Desktop\GitHub\Huawei_Challenge_Semi-final\project\files\record.cpp(300,65): error C2065: “second_max_trans”: 未声明的标识符
C:\Users\Lee\Desktop\GitHub\Huawei_Challenge_Semi-final\project\files\record.cpp(301,69): error C2065: “id”: 未声明的标识符
C:\Users\Lee\Desktop\GitHub\Huawei_Challenge_Semi-final\project\files\record.cpp(301,91): error C2039: "transport_time": 不是 "Berth" 的成员
  C:\Users\Lee\Desktop\GitHub\Huawei_Challenge_Semi-final\project\files\record.h(29,7):
  参见“Berth”的声明
  
C:\Users\Lee\Desktop\GitHub\Huawei_Challenge_Semi-final\project\files\record.cpp(301,36): error C2672: “std::max”: 未找到匹配的重载函数
  C:\Program Files\Microsoft Visual Studio\2022\Community\VC\Tools\MSVC\14.39.33519\include\utility(85,26):
  可能是“_Ty std::max(std::initializer_list<_Elem>)”
  	C:\Users\Lee\Desktop\GitHub\Huawei_Challenge_Semi-final\project\files\record.cpp(301,36):
  	“_Ty std::max(std::initializer_list<_Elem>)”: 无法从“int”推导出“std::initializer_list<_Elem>”的 模板 参数
  C:\Program Files\Microsoft Visual Studio\2022\Community\VC\Tools\MSVC\14.39.33519\include\utility(82,26):
  或    “_Ty std::max(std::initializer_list<_Elem>,_Pr)”
  	C:\Users\Lee\Desktop\GitHub\Huawei_Challenge_Semi-final\project\files\record.cpp(301,36):
  	“_Ty std::max(std::initializer_list<_Elem>,_Pr)”: 应输入 2 个参数，却提供了 1 个
  C:\Program Files\Microsoft Visual Studio\2022\Community\VC\Tools\MSVC\14.39.33519\include\utility(75,6):
  或    “const _Ty &std::max(const _Ty &,const _Ty &) noexcept(<expr>)”
  	C:\Users\Lee\Desktop\GitHub\Huawei_Challenge_Semi-final\project\files\record.cpp(301,36):
  	“const _Ty &std::max(const _Ty &,const _Ty &) noexcept(<expr>)”: 应输入 2 个参数，却提供了 1 个
  C:\Program Files\Microsoft Visual Studio\2022\Community\VC\Tools\MSVC\14.39.33519\include\utility(65,33):
  或    “const _Ty &std::max(const _Ty &,const _Ty &,_Pr) noexcept(<expr>)”
  	C:\Users\Lee\Desktop\GitHub\Huawei_Challenge_Semi-final\project\files\record.cpp(301,36):
  	“const _Ty &std::max(const _Ty &,const _Ty &,_Pr) noexcept(<expr>)”: 应输入 3 个参数，却提供了 1 个
  
C:\Users\Lee\Desktop\GitHub\Huawei_Challenge_Semi-final\project\files\record.cpp(305,61): error C2039: "transport_time": 不是 "Berth" 的成员
  C:\Users\Lee\Desktop\GitHub\Huawei_Challenge_Semi-final\project\files\record.h(29,7):
  参见“Berth”的声明
  
C:\Users\Lee\Desktop\GitHub\Huawei_Challenge_Semi-final\project\files\record.cpp(310,33): error C2039: "transport_time": 不是 "Berth" 的成员
  C:\Users\Lee\Desktop\GitHub\Huawei_Challenge_Semi-final\project\files\record.h(29,7):
  参见“Berth”的声明
  
C:\Users\Lee\Desktop\GitHub\Huawei_Challenge_Semi-final\project\files\record.cpp(316,8): error C2065: “id”: 未声明的标识符
C:\Users\Lee\Desktop\GitHub\Huawei_Challenge_Semi-final\project\files\record.cpp(316,14): error C2065: “tail_time”: 未声明的标识符
C:\Users\Lee\Desktop\GitHub\Huawei_Challenge_Semi-final\project\files\record.cpp(318,9): error C2065: “id”: 未声明的标识符
C:\Users\Lee\Desktop\GitHub\Huawei_Challenge_Semi-final\project\files\record.cpp(318,21): error C2065: “pos”: 未声明的标识符
C:\Users\Lee\Desktop\GitHub\Huawei_Challenge_Semi-final\project\files\record.cpp(318,40): error C2065: “num”: 未声明的标识符
C:\Users\Lee\Desktop\GitHub\Huawei_Challenge_Semi-final\project\files\record.cpp(320,12): error C2065: “pos”: 未声明的标识符
C:\Users\Lee\Desktop\GitHub\Huawei_Challenge_Semi-final\project\files\record.cpp(321,35): error C2039: "transport_time": 不是 "Berth" 的成员
  C:\Users\Lee\Desktop\GitHub\Huawei_Challenge_Semi-final\project\files\record.h(29,7):
  参见“Berth”的声明
  
C:\Users\Lee\Desktop\GitHub\Huawei_Challenge_Semi-final\project\files\record.cpp(327,26): error C2065: “pos”: 未声明的标识符
C:\Users\Lee\Desktop\GitHub\Huawei_Challenge_Semi-final\project\files\record.cpp(327,66): error C2065: “num”: 未声明的标识符
C:\Users\Lee\Desktop\GitHub\Huawei_Challenge_Semi-final\project\files\record.cpp(327,77): error C2065: “pos”: 未声明的标识符
C:\Users\Lee\Desktop\GitHub\Huawei_Challenge_Semi-final\project\files\record.cpp(327,46): error C2672: “std::min”: 未找到匹配的重载函数
  C:\Program Files\Microsoft Visual Studio\2022\Community\VC\Tools\MSVC\14.39.33519\include\utility(108,26):
  可能是“_Ty std::min(std::initializer_list<_Elem>)”
  C:\Program Files\Microsoft Visual Studio\2022\Community\VC\Tools\MSVC\14.39.33519\include\utility(105,26):
  或    “_Ty std::min(std::initializer_list<_Elem>,_Pr)”
  	C:\Users\Lee\Desktop\GitHub\Huawei_Challenge_Semi-final\project\files\record.cpp(327,46):
  	“_Ty std::min(std::initializer_list<_Elem>,_Pr)”: 应输入 2 个参数，却提供了 1 个
  C:\Program Files\Microsoft Visual Studio\2022\Community\VC\Tools\MSVC\14.39.33519\include\utility(98,6):
  或    “const _Ty &std::min(const _Ty &,const _Ty &) noexcept(<expr>)”
  	C:\Users\Lee\Desktop\GitHub\Huawei_Challenge_Semi-final\project\files\record.cpp(327,46):
  	“const _Ty &std::min(const _Ty &,const _Ty &) noexcept(<expr>)”: 应输入 2 个参数，却提供了 1 个
  C:\Program Files\Microsoft Visual Studio\2022\Community\VC\Tools\MSVC\14.39.33519\include\utility(88,33):
  或    “const _Ty &std::min(const _Ty &,const _Ty &,_Pr) noexcept(<expr>)”
  	C:\Users\Lee\Desktop\GitHub\Huawei_Challenge_Semi-final\project\files\record.cpp(327,46):
  	“const _Ty &std::min(const _Ty &,const _Ty &,_Pr) noexcept(<expr>)”: 应输入 3 个参数，却提供了 1 个
  
C:\Users\Lee\Desktop\GitHub\Huawei_Challenge_Semi-final\project\files\record.cpp(327,16): error C2672: “std::min”: 未找到匹配的重载函数
  C:\Program Files\Microsoft Visual Studio\2022\Community\VC\Tools\MSVC\14.39.33519\include\utility(108,26):
  可能是“_Ty std::min(std::initializer_list<_Elem>)”
  C:\Program Files\Microsoft Visual Studio\2022\Community\VC\Tools\MSVC\14.39.33519\include\utility(105,26):
  或    “_Ty std::min(std::initializer_list<_Elem>,_Pr)”
  	C:\Users\Lee\Desktop\GitHub\Huawei_Challenge_Semi-final\project\files\record.cpp(327,16):
  	“_Ty std::min(std::initializer_list<_Elem>,_Pr)”: 应输入 2 个参数，却提供了 1 个
  C:\Program Files\Microsoft Visual Studio\2022\Community\VC\Tools\MSVC\14.39.33519\include\utility(98,6):
  或    “const _Ty &std::min(const _Ty &,const _Ty &) noexcept(<expr>)”
  	C:\Users\Lee\Desktop\GitHub\Huawei_Challenge_Semi-final\project\files\record.cpp(327,16):
  	“const _Ty &std::min(const _Ty &,const _Ty &) noexcept(<expr>)”: 应输入 2 个参数，却提供了 1 个
  C:\Program Files\Microsoft Visual Studio\2022\Community\VC\Tools\MSVC\14.39.33519\include\utility(88,33):
  或    “const _Ty &std::min(const _Ty &,const _Ty &,_Pr) noexcept(<expr>)”
  	C:\Users\Lee\Desktop\GitHub\Huawei_Challenge_Semi-final\project\files\record.cpp(327,16):
  	“const _Ty &std::min(const _Ty &,const _Ty &,_Pr) noexcept(<expr>)”: 应输入 3 个参数，却提供了 1 个
  
C:\Users\Lee\Desktop\GitHub\Huawei_Challenge_Semi-final\project\files\record.cpp(328,6): error C2065: “num”: 未声明的标识符
C:\Users\Lee\Desktop\GitHub\Huawei_Challenge_Semi-final\project\files\record.cpp(329,12): error C2065: “pos”: 未声明的标识符
C:\Users\Lee\Desktop\GitHub\Huawei_Challenge_Semi-final\project\files\record.cpp(334,15): error C2065: “pos”: 未声明的标识符
C:\Users\Lee\Desktop\GitHub\Huawei_Challenge_Semi-final\project\files\record.cpp(334,31): error C2065: “num”: 未声明的标识符
C:\Users\Lee\Desktop\GitHub\Huawei_Challenge_Semi-final\project\files\record.cpp(337,26): error C2065: “pos”: 未声明的标识符
C:\Users\Lee\Desktop\GitHub\Huawei_Challenge_Semi-final\project\files\record.cpp(337,66): error C2065: “num”: 未声明的标识符
C:\Users\Lee\Desktop\GitHub\Huawei_Challenge_Semi-final\project\files\record.cpp(337,77): error C2065: “pos”: 未声明的标识符
C:\Users\Lee\Desktop\GitHub\Huawei_Challenge_Semi-final\project\files\record.cpp(337,46): error C2672: “std::min”: 未找到匹配的重载函数
  C:\Program Files\Microsoft Visual Studio\2022\Community\VC\Tools\MSVC\14.39.33519\include\utility(108,26):
  可能是“_Ty std::min(std::initializer_list<_Elem>)”
  C:\Program Files\Microsoft Visual Studio\2022\Community\VC\Tools\MSVC\14.39.33519\include\utility(105,26):
  或    “_Ty std::min(std::initializer_list<_Elem>,_Pr)”
  	C:\Users\Lee\Desktop\GitHub\Huawei_Challenge_Semi-final\project\files\record.cpp(337,46):
  	“_Ty std::min(std::initializer_list<_Elem>,_Pr)”: 应输入 2 个参数，却提供了 1 个
  C:\Program Files\Microsoft Visual Studio\2022\Community\VC\Tools\MSVC\14.39.33519\include\utility(98,6):
  或    “const _Ty &std::min(const _Ty &,const _Ty &) noexcept(<expr>)”
  	C:\Users\Lee\Desktop\GitHub\Huawei_Challenge_Semi-final\project\files\record.cpp(337,46):
  	“const _Ty &std::min(const _Ty &,const _Ty &) noexcept(<expr>)”: 应输入 2 个参数，却提供了 1 个
  C:\Program Files\Microsoft Visual Studio\2022\Community\VC\Tools\MSVC\14.39.33519\include\utility(88,33):
  或    “const _Ty &std::min(const _Ty &,const _Ty &,_Pr) noexcept(<expr>)”
  	C:\Users\Lee\Desktop\GitHub\Huawei_Challenge_Semi-final\project\files\record.cpp(337,46):
  	“const _Ty &std::min(const _Ty &,const _Ty &,_Pr) noexcept(<expr>)”: 应输入 3 个参数，却提供了 1 个
  
C:\Users\Lee\Desktop\GitHub\Huawei_Challenge_Semi-final\project\files\record.cpp(337,16): error C2672: “std::min”: 未找到匹配的重载函数
  C:\Program Files\Microsoft Visual Studio\2022\Community\VC\Tools\MSVC\14.39.33519\include\utility(108,26):
  可能是“_Ty std::min(std::initializer_list<_Elem>)”
  C:\Program Files\Microsoft Visual Studio\2022\Community\VC\Tools\MSVC\14.39.33519\include\utility(105,26):
  或    “_Ty std::min(std::initializer_list<_Elem>,_Pr)”
  	C:\Users\Lee\Desktop\GitHub\Huawei_Challenge_Semi-final\project\files\record.cpp(337,16):
  	“_Ty std::min(std::initializer_list<_Elem>,_Pr)”: 应输入 2 个参数，却提供了 1 个
  C:\Program Files\Microsoft Visual Studio\2022\Community\VC\Tools\MSVC\14.39.33519\include\utility(98,6):
  或    “const _Ty &std::min(const _Ty &,const _Ty &) noexcept(<expr>)”
  	C:\Users\Lee\Desktop\GitHub\Huawei_Challenge_Semi-final\project\files\record.cpp(337,16):
  	“const _Ty &std::min(const _Ty &,const _Ty &) noexcept(<expr>)”: 应输入 2 个参数，却提供了 1 个
  C:\Program Files\Microsoft Visual Studio\2022\Community\VC\Tools\MSVC\14.39.33519\include\utility(88,33):
  或    “const _Ty &std::min(const _Ty &,const _Ty &,_Pr) noexcept(<expr>)”
  	C:\Users\Lee\Desktop\GitHub\Huawei_Challenge_Semi-final\project\files\record.cpp(337,16):
  	“const _Ty &std::min(const _Ty &,const _Ty &,_Pr) noexcept(<expr>)”: 应输入 3 个参数，却提供了 1 个
  
C:\Users\Lee\Desktop\GitHub\Huawei_Challenge_Semi-final\project\files\record.cpp(338,6): error C2065: “num”: 未声明的标识符
C:\Users\Lee\Desktop\GitHub\Huawei_Challenge_Semi-final\project\files\record.cpp(339,12): error C2065: “pos”: 未声明的标识符
C:\Users\Lee\Desktop\GitHub\Huawei_Challenge_Semi-final\project\files\record.cpp(343,12): error C2065: “pos”: 未声明的标识符
C:\Users\Lee\Desktop\GitHub\Huawei_Challenge_Semi-final\project\files\record.cpp(344,35): error C2039: "transport_time": 不是 "Berth" 的成员
  C:\Users\Lee\Desktop\GitHub\Huawei_Challenge_Semi-final\project\files\record.h(29,7):
  参见“Berth”的声明
  
C:\Users\Lee\Desktop\GitHub\Huawei_Challenge_Semi-final\project\files\record.cpp(364,20): error C2065: “id”: 未声明的标识符
C:\Users\Lee\Desktop\GitHub\Huawei_Challenge_Semi-final\project\files\record.cpp(366,20): error C2065: “dx_dy”: 未声明的标识符
C:\Users\Lee\Desktop\GitHub\Huawei_Challenge_Semi-final\project\files\record.cpp(371,8): error C2065: “dx_dy”: 未声明的标识符
C:\Users\Lee\Desktop\GitHub\Huawei_Challenge_Semi-final\project\files\record.cpp(389,21): error C2039: "goods": 不是 "Robot" 的成员
  C:\Users\Lee\Desktop\GitHub\Huawei_Challenge_Semi-final\project\files\record.h(11,7):
  参见“Robot”的声明
  
C:\Users\Lee\Desktop\GitHub\Huawei_Challenge_Semi-final\project\files\record.cpp(398,22): error C2065: “dx_dy”: 未声明的标识符
C:\Users\Lee\Desktop\GitHub\Huawei_Challenge_Semi-final\project\files\record.cpp(399,22): error C2065: “dx_dy”: 未声明的标识符
C:\Users\Lee\Desktop\GitHub\Huawei_Challenge_Semi-final\project\files\record.cpp(401,21): error C2039: "goods": 不是 "Robot" 的成员
  C:\Users\Lee\Desktop\GitHub\Huawei_Challenge_Semi-final\project\files\record.h(11,7):
  参见“Robot”的声明
  
C:\Users\Lee\Desktop\GitHub\Huawei_Challenge_Semi-final\project\files\record.cpp(418,20): error C2065: “id”: 未声明的标识符
C:\Users\Lee\Desktop\GitHub\Huawei_Challenge_Semi-final\project\files\record.cpp(419,20): error C2065: “dx_dy”: 未声明的标识符
C:\Users\Lee\Desktop\GitHub\Huawei_Challenge_Semi-final\project\files\record.cpp(422,8): error C2065: “dx_dy”: 未声明的标识符
C:\Users\Lee\Desktop\GitHub\Huawei_Challenge_Semi-final\project\files\record.cpp(451,14): error C2065: “dx_dy”: 未声明的标识符
C:\Users\Lee\Desktop\GitHub\Huawei_Challenge_Semi-final\project\files\record.cpp(484,14): error C2065: “dx_dy”: 未声明的标识符
  正在生成代码...
